<?xml version="1.0" encoding="UTF-8"?>
<!-- Generated by org.testng.reporters.JUnitReportReporter -->
<testsuite hostname="LAPTOP-RHEKKJV4" failures="0" tests="1" name="com.automation.base.SalesForceLogin" time="8.280" errors="0" timestamp="2024-10-18T23:04:32 EDT" skipped="0">
  <testcase classname="com.automation.base.SalesForceLogin" name="Login_SalesForce" time="8.280"/>
</testsuite> <!-- com.automation.base.SalesForceLogin -->
