<?xml version="1.0" encoding="UTF-8"?>
<!-- Generated by org.testng.reporters.JUnitReportReporter -->
<testsuite hostname="LAPTOP-RHEKKJV4" failures="0" tests="6" name="com.automation.test.LeadScripts" time="72.111" errors="0" timestamp="2024-10-26T17:17:36 EDT" skipped="0">
  <testcase classname="com.automation.test.LeadScripts" name="select_TodaysLead" time="10.763"/>
  <testcase classname="com.automation.test.LeadScripts" name="check_LeadTabLink" time="8.905"/>
  <testcase classname="com.automation.test.LeadScripts" name="Login_SalesForce" time="9.632"/>
  <testcase classname="com.automation.test.LeadScripts" name="check_LeadsSelectView" time="9.335"/>
  <testcase classname="com.automation.test.LeadScripts" name="check_TodaysLeadGo" time="18.842"/>
  <testcase classname="com.automation.test.LeadScripts" name="new_TodaysLeadSave" time="14.634"/>
</testsuite> <!-- com.automation.test.LeadScripts -->
