<?xml version="1.0" encoding="UTF-8"?>
<!-- Generated by org.testng.reporters.JUnitReportReporter -->
<testsuite hostname="LAPTOP-RHEKKJV4" failures="0" tests="9" name="com.automation.test.Contacts" time="103.205" errors="0" timestamp="2024-10-26T17:17:36 EDT" skipped="0">
  <testcase classname="com.automation.test.Contacts" name="create_NewContact" time="12.404"/>
  <testcase classname="com.automation.test.Contacts" name="Login_SalesForce" time="7.741"/>
  <testcase classname="com.automation.test.Contacts" name="save_NewButtonContact" time="13.312"/>
  <testcase classname="com.automation.test.Contacts" name="ViewContact" time="9.742"/>
  <testcase classname="com.automation.test.Contacts" name="inValid_createNewViewContact" time="10.311"/>
  <testcase classname="com.automation.test.Contacts" name="check_MyContact" time="9.616"/>
  <testcase classname="com.automation.test.Contacts" name="cancel_createNewViewContact" time="12.811"/>
  <testcase classname="com.automation.test.Contacts" name="create_NewViewContact" time="12.357"/>
  <testcase classname="com.automation.test.Contacts" name="check_recentlyCreatedContact" time="14.911"/>
</testsuite> <!-- com.automation.test.Contacts -->
