<?xml version="1.0" encoding="UTF-8"?>
<!-- Generated by org.testng.reporters.JUnitReportReporter -->
<testsuite hostname="LAPTOP-RHEKKJV4" failures="0" tests="6" name="com.automation.test.LoginScripts" time="52.189" errors="0" timestamp="2024-10-26T17:17:36 EDT" skipped="0">
  <testcase classname="com.automation.test.LoginScripts" name="Login_SalesForce" time="9.319"/>
  <testcase classname="com.automation.test.LoginScripts" name="invalid_Login" time="7.351"/>
  <testcase classname="com.automation.test.LoginScripts" name="rememberme_Login" time="11.248"/>
  <testcase classname="com.automation.test.LoginScripts" name="forgotpwd_invalid" time="8.634"/>
  <testcase classname="com.automation.test.LoginScripts" name="forgotpwd_validation" time="7.414"/>
  <testcase classname="com.automation.test.LoginScripts" name="valid_Login" time="8.223"/>
</testsuite> <!-- com.automation.test.LoginScripts -->
