<?xml version="1.0" encoding="UTF-8"?>
<!-- Generated by org.testng.reporters.JUnitReportReporter -->
<testsuite hostname="LAPTOP-RHEKKJV4" failures="0" tests="6" name="com.automation.test.OpportunitiesScripts" time="74.524" errors="0" timestamp="2024-10-26T17:17:36 EDT" skipped="0">
  <testcase classname="com.automation.test.OpportunitiesScripts" name="create_NewOpportunity" time="15.737"/>
  <testcase classname="com.automation.test.OpportunitiesScripts" name="Login_SalesForce" time="7.849"/>
  <testcase classname="com.automation.test.OpportunitiesScripts" name="opp_Dropdown" time="11.870"/>
  <testcase classname="com.automation.test.OpportunitiesScripts" name="test_OppPipelineReport" time="14.150"/>
  <testcase classname="com.automation.test.OpportunitiesScripts" name="test_OppStuckReport" time="11.524"/>
  <testcase classname="com.automation.test.OpportunitiesScripts" name="test_QuarterlySummaryReport" time="13.394"/>
</testsuite> <!-- com.automation.test.OpportunitiesScripts -->
